Command line:
   MEMSTAGE_isim_beh.exe
     -simmode  gui
     -simrunnum  1
     -socket  49308

Mon Apr 06 17:48:19 2020


 Elaboration Time: 0.046875 sec

 Current Memory Usage: 503.534 Meg

 Total Signals          : 18
 Total Nets             : 309
 Total Signal Drivers   : 10
 Total Blocks           : 4
 Total Primitive Blocks : 3
 Total Processes        : 7
 Total Traceable Variables  : 13
 Total Scalar Nets and Variables : 792
Total Line Count : 15

 Total Simulation Time: 0.046875 sec

 Current Memory Usage: 503.534 Meg

Mon Apr 06 17:48:25 2020

