Command line:
   forward_unit_TB_isim_beh.exe
     -simmode  gui
     -simrunnum  1
     -socket  49297

Sun May 10 19:28:30 2020


 Elaboration Time: 0.015625 sec

 Current Memory Usage: 503.439 Meg

 Total Signals          : 16
 Total Nets             : 26
 Total Signal Drivers   : 8
 Total Blocks           : 3
 Total Primitive Blocks : 2
 Total Processes        : 2
 Total Traceable Variables  : 8
 Total Scalar Nets and Variables : 386
Total Line Count : 58

 Total Simulation Time: 0.015625 sec

 Current Memory Usage: 503.439 Meg

Sun May 10 19:28:35 2020

